[     317ms] [WARNING] GSAP target .badge-react not found. https://gsap.com @ https://stackbyte.dev/_next/static/chunks/ae5da280776408ba.js:0
[     318ms] [WARNING] GSAP target .badge-flash not found. https://gsap.com @ https://stackbyte.dev/_next/static/chunks/ae5da280776408ba.js:0
[     446ms] [WARNING] Canvas2D: Multiple readback operations using getImageData are faster with the willReadFrequently attribute set to true. See: https://html.spec.whatwg.org/multipage/canvas.html#concept-canvas-will-read-frequently @ https://cdn.iubenda.com/cookie_solution/iubenda_cs/1.94.1/core-en.js:0
[     449ms] [WARNING] Canvas2D: Multiple readback operations using getImageData are faster with the willReadFrequently attribute set to true. See: https://html.spec.whatwg.org/multipage/canvas.html#concept-canvas-will-read-frequently @ https://cdn.iubenda.com/cookie_solution/iubenda_cs/1.94.1/core-en.js:0
[     450ms] [WARNING] Canvas2D: Multiple readback operations using getImageData are faster with the willReadFrequently attribute set to true. See: https://html.spec.whatwg.org/multipage/canvas.html#concept-canvas-will-read-frequently @ https://cdn.iubenda.com/cookie_solution/iubenda_cs/1.94.1/core-en.js:0
[     453ms] [WARNING] Canvas2D: Multiple readback operations using getImageData are faster with the willReadFrequently attribute set to true. See: https://html.spec.whatwg.org/multipage/canvas.html#concept-canvas-will-read-frequently @ https://cdn.iubenda.com/cookie_solution/iubenda_cs/1.94.1/core-en.js:0
[     455ms] [WARNING] Canvas2D: Multiple readback operations using getImageData are faster with the willReadFrequently attribute set to true. See: https://html.spec.whatwg.org/multipage/canvas.html#concept-canvas-will-read-frequently @ https://cdn.iubenda.com/cookie_solution/iubenda_cs/1.94.1/core-en.js:0
[     456ms] [WARNING] Canvas2D: Multiple readback operations using getImageData are faster with the willReadFrequently attribute set to true. See: https://html.spec.whatwg.org/multipage/canvas.html#concept-canvas-will-read-frequently @ https://cdn.iubenda.com/cookie_solution/iubenda_cs/1.94.1/core-en.js:0
[     459ms] [WARNING] Canvas2D: Multiple readback operations using getImageData are faster with the willReadFrequently attribute set to true. See: https://html.spec.whatwg.org/multipage/canvas.html#concept-canvas-will-read-frequently @ https://cdn.iubenda.com/cookie_solution/iubenda_cs/1.94.1/core-en.js:0
[     464ms] [WARNING] Canvas2D: Multiple readback operations using getImageData are faster with the willReadFrequently attribute set to true. See: https://html.spec.whatwg.org/multipage/canvas.html#concept-canvas-will-read-frequently @ https://cdn.iubenda.com/cookie_solution/iubenda_cs/1.94.1/core-en.js:0
[     465ms] [WARNING] Canvas2D: Multiple readback operations using getImageData are faster with the willReadFrequently attribute set to true. See: https://html.spec.whatwg.org/multipage/canvas.html#concept-canvas-will-read-frequently @ https://cdn.iubenda.com/cookie_solution/iubenda_cs/1.94.1/core-en.js:0
[     466ms] [WARNING] Canvas2D: Multiple readback operations using getImageData are faster with the willReadFrequently attribute set to true. See: https://html.spec.whatwg.org/multipage/canvas.html#concept-canvas-will-read-frequently @ https://cdn.iubenda.com/cookie_solution/iubenda_cs/1.94.1/core-en.js:0
[     467ms] [WARNING] Canvas2D: Multiple readback operations using getImageData are faster with the willReadFrequently attribute set to true. See: https://html.spec.whatwg.org/multipage/canvas.html#concept-canvas-will-read-frequently @ https://cdn.iubenda.com/cookie_solution/iubenda_cs/1.94.1/core-en.js:0
[     469ms] [WARNING] Canvas2D: Multiple readback operations using getImageData are faster with the willReadFrequently attribute set to true. See: https://html.spec.whatwg.org/multipage/canvas.html#concept-canvas-will-read-frequently @ https://cdn.iubenda.com/cookie_solution/iubenda_cs/1.94.1/core-en.js:0
[     470ms] [WARNING] Canvas2D: Multiple readback operations using getImageData are faster with the willReadFrequently attribute set to true. See: https://html.spec.whatwg.org/multipage/canvas.html#concept-canvas-will-read-frequently @ https://cdn.iubenda.com/cookie_solution/iubenda_cs/1.94.1/core-en.js:0
[     473ms] [WARNING] Canvas2D: Multiple readback operations using getImageData are faster with the willReadFrequently attribute set to true. See: https://html.spec.whatwg.org/multipage/canvas.html#concept-canvas-will-read-frequently @ https://cdn.iubenda.com/cookie_solution/iubenda_cs/1.94.1/core-en.js:0
[     475ms] [WARNING] Canvas2D: Multiple readback operations using getImageData are faster with the willReadFrequently attribute set to true. See: https://html.spec.whatwg.org/multipage/canvas.html#concept-canvas-will-read-frequently @ https://cdn.iubenda.com/cookie_solution/iubenda_cs/1.94.1/core-en.js:0
[     476ms] [WARNING] Canvas2D: Multiple readback operations using getImageData are faster with the willReadFrequently attribute set to true. See: https://html.spec.whatwg.org/multipage/canvas.html#concept-canvas-will-read-frequently @ https://cdn.iubenda.com/cookie_solution/iubenda_cs/1.94.1/core-en.js:0
[     477ms] [WARNING] Canvas2D: Multiple readback operations using getImageData are faster with the willReadFrequently attribute set to true. See: https://html.spec.whatwg.org/multipage/canvas.html#concept-canvas-will-read-frequently @ https://cdn.iubenda.com/cookie_solution/iubenda_cs/1.94.1/core-en.js:0
[   72836ms] [ERROR] Failed to load resource: the server responded with a status of 401 () @ https://challenges.cloudflare.com/cdn-cgi/challenge-platform/h/g/pat/9e234d770824c4e7/1774498195536/3a08a011b816ce9a778f8bf87987dd703e5c6ec50bd737d109f6fc27a0a871de/S6VmtxrK54tsK3Q:0
[   72856ms] [ERROR]  Note that 'script-src' was not explicitly set, so 'default-src' is used as a fallback. @ https://challenges.cloudflare.com/cdn-cgi/challenge-platform/h/g/turnstile/f/ov2/av0/rch/83yao/0x4AAAAAAAQsmNcS8a_Yl_K2/dark/fbE/new/normal?lang=auto:0
[   73014ms] [ERROR] %c%d font-size:0;color:transparent NaN @ https://challenges.cloudflare.com/cdn-cgi/challenge-platform/h/g/turnstile/f/ov2/av0/rch/83yao/0x4AAAAAAAQsmNcS8a_Yl_K2/dark/fbE/new/normal?lang=auto:0
[   73015ms] [ERROR] %c%d font-size:0;color:transparent NaN @ https://challenges.cloudflare.com/cdn-cgi/challenge-platform/h/g/turnstile/f/ov2/av0/rch/83yao/0x4AAAAAAAQsmNcS8a_Yl_K2/dark/fbE/new/normal?lang=auto:0
[   73016ms] [WARNING] %c%d font-size:0;color:transparent NaN @ https://challenges.cloudflare.com/cdn-cgi/challenge-platform/h/g/turnstile/f/ov2/av0/rch/83yao/0x4AAAAAAAQsmNcS8a_Yl_K2/dark/fbE/new/normal?lang=auto:0
[   73016ms] [WARNING] %c%d font-size:0;color:transparent NaN @ https://challenges.cloudflare.com/cdn-cgi/challenge-platform/h/g/turnstile/f/ov2/av0/rch/83yao/0x4AAAAAAAQsmNcS8a_Yl_K2/dark/fbE/new/normal?lang=auto:0
[   76552ms] [WARNING] The resource https://challenges.cloudflare.com/cdn-cgi/challenge-platform/h/g/cmg/1 was preloaded using link preload but not used within a few seconds from the window's load event. Please make sure it has an appropriate `as` value and it is preloaded intentionally. @ https://challenges.cloudflare.com/cdn-cgi/challenge-platform/h/g/turnstile/f/ov2/av0/rch/83yao/0x4AAAAAAAQsmNcS8a_Yl_K2/dark/fbE/new/normal?lang=auto:0
[  364540ms] [ERROR] Failed to load resource: the server responded with a status of 401 () @ https://challenges.cloudflare.com/cdn-cgi/challenge-platform/h/g/pat/9e2354a45fbbf7d9/1774498489408/9bc2328dfbb95c1ee9b7207b74dfa25432bd8416628a8724d91232d12b7e03fb/B8BoDeT0wt6cCOc:0
[  364565ms] [ERROR]  Note that 'script-src' was not explicitly set, so 'default-src' is used as a fallback. @ https://challenges.cloudflare.com/cdn-cgi/challenge-platform/h/g/turnstile/f/ov2/av0/rch/83yao/0x4AAAAAAAQsmNcS8a_Yl_K2/dark/fbE/auto_expire/normal?lang=auto:0
[  364691ms] [ERROR] %c%d font-size:0;color:transparent NaN @ https://challenges.cloudflare.com/cdn-cgi/challenge-platform/h/g/turnstile/f/ov2/av0/rch/83yao/0x4AAAAAAAQsmNcS8a_Yl_K2/dark/fbE/auto_expire/normal?lang=auto:0
[  364691ms] [ERROR] %c%d font-size:0;color:transparent NaN @ https://challenges.cloudflare.com/cdn-cgi/challenge-platform/h/g/turnstile/f/ov2/av0/rch/83yao/0x4AAAAAAAQsmNcS8a_Yl_K2/dark/fbE/auto_expire/normal?lang=auto:0
[  364692ms] [WARNING] %c%d font-size:0;color:transparent NaN @ https://challenges.cloudflare.com/cdn-cgi/challenge-platform/h/g/turnstile/f/ov2/av0/rch/83yao/0x4AAAAAAAQsmNcS8a_Yl_K2/dark/fbE/auto_expire/normal?lang=auto:0
[  364692ms] [WARNING] %c%d font-size:0;color:transparent NaN @ https://challenges.cloudflare.com/cdn-cgi/challenge-platform/h/g/turnstile/f/ov2/av0/rch/83yao/0x4AAAAAAAQsmNcS8a_Yl_K2/dark/fbE/auto_expire/normal?lang=auto:0
[  368144ms] [WARNING] The resource https://challenges.cloudflare.com/cdn-cgi/challenge-platform/h/g/cmg/1 was preloaded using link preload but not used within a few seconds from the window's load event. Please make sure it has an appropriate `as` value and it is preloaded intentionally. @ https://challenges.cloudflare.com/cdn-cgi/challenge-platform/h/g/turnstile/f/ov2/av0/rch/83yao/0x4AAAAAAAQsmNcS8a_Yl_K2/dark/fbE/auto_expire/normal?lang=auto:0
[  656098ms] [ERROR]  Note that 'script-src' was not explicitly set, so 'default-src' is used as a fallback. @ https://challenges.cloudflare.com/cdn-cgi/challenge-platform/h/g/turnstile/f/ov2/av0/rch/83yao/0x4AAAAAAAQsmNcS8a_Yl_K2/dark/fbE/auto_expire/normal?lang=auto:0
[  656420ms] [ERROR] Failed to load resource: the server responded with a status of 401 () @ https://challenges.cloudflare.com/cdn-cgi/challenge-platform/h/g/pat/9e235bc31dbfe9e4/1774498781012/4517346087d7d10bdad3e2e0b96990d33b6b37484f470d3e7e294754a96a8515/o3pw0GPXGUxzgFS:0
[  656444ms] [ERROR] %c%d font-size:0;color:transparent NaN @ https://challenges.cloudflare.com/cdn-cgi/challenge-platform/h/g/turnstile/f/ov2/av0/rch/83yao/0x4AAAAAAAQsmNcS8a_Yl_K2/dark/fbE/auto_expire/normal?lang=auto:0
[  656444ms] [ERROR] %c%d font-size:0;color:transparent NaN @ https://challenges.cloudflare.com/cdn-cgi/challenge-platform/h/g/turnstile/f/ov2/av0/rch/83yao/0x4AAAAAAAQsmNcS8a_Yl_K2/dark/fbE/auto_expire/normal?lang=auto:0
[  656445ms] [WARNING] %c%d font-size:0;color:transparent NaN @ https://challenges.cloudflare.com/cdn-cgi/challenge-platform/h/g/turnstile/f/ov2/av0/rch/83yao/0x4AAAAAAAQsmNcS8a_Yl_K2/dark/fbE/auto_expire/normal?lang=auto:0
[  656445ms] [WARNING] %c%d font-size:0;color:transparent NaN @ https://challenges.cloudflare.com/cdn-cgi/challenge-platform/h/g/turnstile/f/ov2/av0/rch/83yao/0x4AAAAAAAQsmNcS8a_Yl_K2/dark/fbE/auto_expire/normal?lang=auto:0
[  659901ms] [WARNING] The resource https://challenges.cloudflare.com/cdn-cgi/challenge-platform/h/g/cmg/1 was preloaded using link preload but not used within a few seconds from the window's load event. Please make sure it has an appropriate `as` value and it is preloaded intentionally. @ https://challenges.cloudflare.com/cdn-cgi/challenge-platform/h/g/turnstile/f/ov2/av0/rch/83yao/0x4AAAAAAAQsmNcS8a_Yl_K2/dark/fbE/auto_expire/normal?lang=auto:0
[  947554ms] [ERROR] %c%d font-size:0;color:transparent NaN @ https://challenges.cloudflare.com/cdn-cgi/challenge-platform/h/g/turnstile/f/ov2/av0/rch/83yao/0x4AAAAAAAQsmNcS8a_Yl_K2/dark/fbE/auto_expire/normal?lang=auto:0
[  947554ms] [ERROR] %c%d font-size:0;color:transparent NaN @ https://challenges.cloudflare.com/cdn-cgi/challenge-platform/h/g/turnstile/f/ov2/av0/rch/83yao/0x4AAAAAAAQsmNcS8a_Yl_K2/dark/fbE/auto_expire/normal?lang=auto:0
[  947555ms] [WARNING] %c%d font-size:0;color:transparent NaN @ https://challenges.cloudflare.com/cdn-cgi/challenge-platform/h/g/turnstile/f/ov2/av0/rch/83yao/0x4AAAAAAAQsmNcS8a_Yl_K2/dark/fbE/auto_expire/normal?lang=auto:0
[  947555ms] [WARNING] %c%d font-size:0;color:transparent NaN @ https://challenges.cloudflare.com/cdn-cgi/challenge-platform/h/g/turnstile/f/ov2/av0/rch/83yao/0x4AAAAAAAQsmNcS8a_Yl_K2/dark/fbE/auto_expire/normal?lang=auto:0
[  947840ms] [ERROR]  Note that 'script-src' was not explicitly set, so 'default-src' is used as a fallback. @ https://challenges.cloudflare.com/cdn-cgi/challenge-platform/h/g/turnstile/f/ov2/av0/rch/83yao/0x4AAAAAAAQsmNcS8a_Yl_K2/dark/fbE/auto_expire/normal?lang=auto:0
[  948033ms] [ERROR] Failed to load resource: the server responded with a status of 401 () @ https://challenges.cloudflare.com/cdn-cgi/challenge-platform/h/g/pat/9e2362e26f16cb86/1774499072676/d3e3d6ba5e63573ba3b3abc444aa5203566c9a58b93e8769a8740c24308d0835/6Wg6-SaWXSIscFV:0
[  951414ms] [WARNING] The resource https://challenges.cloudflare.com/cdn-cgi/challenge-platform/h/g/cmg/1 was preloaded using link preload but not used within a few seconds from the window's load event. Please make sure it has an appropriate `as` value and it is preloaded intentionally. @ https://challenges.cloudflare.com/cdn-cgi/challenge-platform/h/g/turnstile/f/ov2/av0/rch/83yao/0x4AAAAAAAQsmNcS8a_Yl_K2/dark/fbE/auto_expire/normal?lang=auto:0
[ 1239159ms] [ERROR]  Note that 'script-src' was not explicitly set, so 'default-src' is used as a fallback. @ https://challenges.cloudflare.com/cdn-cgi/challenge-platform/h/g/turnstile/f/ov2/av0/rch/83yao/0x4AAAAAAAQsmNcS8a_Yl_K2/dark/fbE/auto_expire/normal?lang=auto:0
[ 1239478ms] [ERROR] Failed to load resource: the server responded with a status of 401 () @ https://challenges.cloudflare.com/cdn-cgi/challenge-platform/h/g/pat/9e236a005e192b78/1774499364226/f9d0aec7c35b6322658ad6dd4548e15fc6f80662b440ab92049cf17066f5a0e2/pchQsbDNeKcGIpc:0
[ 1239487ms] [ERROR] %c%d font-size:0;color:transparent NaN @ https://challenges.cloudflare.com/cdn-cgi/challenge-platform/h/g/turnstile/f/ov2/av0/rch/83yao/0x4AAAAAAAQsmNcS8a_Yl_K2/dark/fbE/auto_expire/normal?lang=auto:0
[ 1239487ms] [ERROR] %c%d font-size:0;color:transparent NaN @ https://challenges.cloudflare.com/cdn-cgi/challenge-platform/h/g/turnstile/f/ov2/av0/rch/83yao/0x4AAAAAAAQsmNcS8a_Yl_K2/dark/fbE/auto_expire/normal?lang=auto:0
[ 1239487ms] [WARNING] %c%d font-size:0;color:transparent NaN @ https://challenges.cloudflare.com/cdn-cgi/challenge-platform/h/g/turnstile/f/ov2/av0/rch/83yao/0x4AAAAAAAQsmNcS8a_Yl_K2/dark/fbE/auto_expire/normal?lang=auto:0
[ 1239487ms] [WARNING] %c%d font-size:0;color:transparent NaN @ https://challenges.cloudflare.com/cdn-cgi/challenge-platform/h/g/turnstile/f/ov2/av0/rch/83yao/0x4AAAAAAAQsmNcS8a_Yl_K2/dark/fbE/auto_expire/normal?lang=auto:0
[ 1243041ms] [WARNING] The resource https://challenges.cloudflare.com/cdn-cgi/challenge-platform/h/g/cmg/1 was preloaded using link preload but not used within a few seconds from the window's load event. Please make sure it has an appropriate `as` value and it is preloaded intentionally. @ https://challenges.cloudflare.com/cdn-cgi/challenge-platform/h/g/turnstile/f/ov2/av0/rch/83yao/0x4AAAAAAAQsmNcS8a_Yl_K2/dark/fbE/auto_expire/normal?lang=auto:0
[ 1538245ms] [WARNING] The resource https://challenges.cloudflare.com/cdn-cgi/challenge-platform/h/g/cmg/1 was preloaded using link preload but not used within a few seconds from the window's load event. Please make sure it has an appropriate `as` value and it is preloaded intentionally. @ https://challenges.cloudflare.com/cdn-cgi/challenge-platform/h/g/turnstile/f/ov2/av0/rch/83yao/0x4AAAAAAAQsmNcS8a_Yl_K2/dark/fbE/auto_expire/normal?lang=auto:0
[ 1539240ms] [ERROR] %c%d font-size:0;color:transparent NaN @ https://challenges.cloudflare.com/cdn-cgi/challenge-platform/h/g/turnstile/f/ov2/av0/rch/83yao/0x4AAAAAAAQsmNcS8a_Yl_K2/dark/fbE/auto_expire/normal?lang=auto:0
[ 1539240ms] [ERROR] %c%d font-size:0;color:transparent NaN @ https://challenges.cloudflare.com/cdn-cgi/challenge-platform/h/g/turnstile/f/ov2/av0/rch/83yao/0x4AAAAAAAQsmNcS8a_Yl_K2/dark/fbE/auto_expire/normal?lang=auto:0
[ 1539243ms] [WARNING] %c%d font-size:0;color:transparent NaN @ https://challenges.cloudflare.com/cdn-cgi/challenge-platform/h/g/turnstile/f/ov2/av0/rch/83yao/0x4AAAAAAAQsmNcS8a_Yl_K2/dark/fbE/auto_expire/normal?lang=auto:0
[ 1539243ms] [WARNING] %c%d font-size:0;color:transparent NaN @ https://challenges.cloudflare.com/cdn-cgi/challenge-platform/h/g/turnstile/f/ov2/av0/rch/83yao/0x4AAAAAAAQsmNcS8a_Yl_K2/dark/fbE/auto_expire/normal?lang=auto:0
[ 1540762ms] [ERROR]  Note that 'script-src' was not explicitly set, so 'default-src' is used as a fallback. @ https://challenges.cloudflare.com/cdn-cgi/challenge-platform/h/g/turnstile/f/ov2/av0/rch/83yao/0x4AAAAAAAQsmNcS8a_Yl_K2/dark/fbE/auto_expire/normal?lang=auto:0
[ 1541385ms] [ERROR] Failed to load resource: the server responded with a status of 401 () @ https://challenges.cloudflare.com/cdn-cgi/challenge-platform/h/g/pat/9e2371206e2c8901/1774499660431/f93758cb07595adbe140b32355cb853f7dc8a15331aaffbf26ea7ee08e760756/E6eXtmzNKTo2-Jr:0
[ 1545008ms] [WARNING] The resource https://challenges.cloudflare.com/cdn-cgi/challenge-platform/h/g/cmg/1 was preloaded using link preload but not used within a few seconds from the window's load event. Please make sure it has an appropriate `as` value and it is preloaded intentionally. @ https://challenges.cloudflare.com/cdn-cgi/challenge-platform/h/g/turnstile/f/ov2/av0/rch/83yao/0x4AAAAAAAQsmNcS8a_Yl_K2/dark/fbE/auto_expire/normal?lang=auto:0
[ 1835237ms] [ERROR] Failed to load resource: the server responded with a status of 401 () @ https://challenges.cloudflare.com/cdn-cgi/challenge-platform/h/g/pat/9e23787fe9222ae8/1774499958738/4f11616d2a68c0a7802baccc5ddb752b2ac9c246cf3727a7bf21c9060ccc81c7/_POaBPgzlHPbJB4:0
[ 1835917ms] [ERROR]  Note that 'script-src' was not explicitly set, so 'default-src' is used as a fallback. @ https://challenges.cloudflare.com/cdn-cgi/challenge-platform/h/g/turnstile/f/ov2/av0/rch/83yao/0x4AAAAAAAQsmNcS8a_Yl_K2/dark/fbE/auto_expire/normal?lang=auto:0
[ 1835989ms] [ERROR] %c%d font-size:0;color:transparent NaN @ https://challenges.cloudflare.com/cdn-cgi/challenge-platform/h/g/turnstile/f/ov2/av0/rch/83yao/0x4AAAAAAAQsmNcS8a_Yl_K2/dark/fbE/auto_expire/normal?lang=auto:0
[ 1835990ms] [ERROR] %c%d font-size:0;color:transparent NaN @ https://challenges.cloudflare.com/cdn-cgi/challenge-platform/h/g/turnstile/f/ov2/av0/rch/83yao/0x4AAAAAAAQsmNcS8a_Yl_K2/dark/fbE/auto_expire/normal?lang=auto:0
[ 1835991ms] [WARNING] %c%d font-size:0;color:transparent NaN @ https://challenges.cloudflare.com/cdn-cgi/challenge-platform/h/g/turnstile/f/ov2/av0/rch/83yao/0x4AAAAAAAQsmNcS8a_Yl_K2/dark/fbE/auto_expire/normal?lang=auto:0
[ 1835992ms] [WARNING] %c%d font-size:0;color:transparent NaN @ https://challenges.cloudflare.com/cdn-cgi/challenge-platform/h/g/turnstile/f/ov2/av0/rch/83yao/0x4AAAAAAAQsmNcS8a_Yl_K2/dark/fbE/auto_expire/normal?lang=auto:0
[ 1841339ms] [WARNING] The resource https://challenges.cloudflare.com/cdn-cgi/challenge-platform/h/g/cmg/1 was preloaded using link preload but not used within a few seconds from the window's load event. Please make sure it has an appropriate `as` value and it is preloaded intentionally. @ https://challenges.cloudflare.com/cdn-cgi/challenge-platform/h/g/turnstile/f/ov2/av0/rch/83yao/0x4AAAAAAAQsmNcS8a_Yl_K2/dark/fbE/auto_expire/normal?lang=auto:0
[ 2130648ms] [ERROR]  Note that 'script-src' was not explicitly set, so 'default-src' is used as a fallback. @ https://challenges.cloudflare.com/cdn-cgi/challenge-platform/h/g/turnstile/f/ov2/av0/rch/83yao/0x4AAAAAAAQsmNcS8a_Yl_K2/dark/fbE/auto_expire/normal?lang=auto:0
[ 2131105ms] [ERROR] %c%d font-size:0;color:transparent NaN @ https://challenges.cloudflare.com/cdn-cgi/challenge-platform/h/g/turnstile/f/ov2/av0/rch/83yao/0x4AAAAAAAQsmNcS8a_Yl_K2/dark/fbE/auto_expire/normal?lang=auto:0
[ 2131105ms] [ERROR] %c%d font-size:0;color:transparent NaN @ https://challenges.cloudflare.com/cdn-cgi/challenge-platform/h/g/turnstile/f/ov2/av0/rch/83yao/0x4AAAAAAAQsmNcS8a_Yl_K2/dark/fbE/auto_expire/normal?lang=auto:0
[ 2131110ms] [WARNING] %c%d font-size:0;color:transparent NaN @ https://challenges.cloudflare.com/cdn-cgi/challenge-platform/h/g/turnstile/f/ov2/av0/rch/83yao/0x4AAAAAAAQsmNcS8a_Yl_K2/dark/fbE/auto_expire/normal?lang=auto:0
[ 2131110ms] [WARNING] %c%d font-size:0;color:transparent NaN @ https://challenges.cloudflare.com/cdn-cgi/challenge-platform/h/g/turnstile/f/ov2/av0/rch/83yao/0x4AAAAAAAQsmNcS8a_Yl_K2/dark/fbE/auto_expire/normal?lang=auto:0
[ 2133837ms] [ERROR] Failed to load resource: the server responded with a status of 401 () @ https://challenges.cloudflare.com/cdn-cgi/challenge-platform/h/g/pat/9e237fbb3a37f7cd/1774500254649/3f698d43efea6458e8754363e3a6e71ebfbaac991e158a296f57a0190723f842/iHpsdywhpPXah7Q:0
[ 2137517ms] [WARNING] The resource https://challenges.cloudflare.com/cdn-cgi/challenge-platform/h/g/cmg/1 was preloaded using link preload but not used within a few seconds from the window's load event. Please make sure it has an appropriate `as` value and it is preloaded intentionally. @ https://challenges.cloudflare.com/cdn-cgi/challenge-platform/h/g/turnstile/f/ov2/av0/rch/83yao/0x4AAAAAAAQsmNcS8a_Yl_K2/dark/fbE/auto_expire/normal?lang=auto:0
